C51 COMPILER V9.02   MAIN                                                                  11/09/2010 14:35:34 PAGE 1   


C51 COMPILER V9.02, COMPILATION OF MODULE MAIN
OBJECT MODULE PLACED IN main.obj
COMPILER INVOKED BY: C:\Keil\C51\BIN\C51.EXE src\main.c LARGE BROWSE DEBUG OBJECTEXTEND PRINT(.\main.lst) OBJECT(main.ob
                    -j)

line level    source

   1          
   2          #include "main.h"
   3          #include "common/util.h"
   4          #include "common/driver.h"
   5          
   6          #include "drivers/rs232.c"
   7          
   8          /*
   9           * @brief Initialize common stuff for the main program
  10           */
  11          void init_common(void)
  12          {
  13   1              enable_interrupts(1);
  14   1          RS232_init();
  15   1      }
  16          
  17          
  18          /*
  19           * @brief The method which gets called initialy by the processor
  20           */
  21          void main()
  22          {
  23   1              init_common();
  24   1      
  25   1          RS232_send('t');
  26   1      
  27   1          while(1) {}
  28   1              //init_driver_subsystem();
  29   1              //init_module_subsystem();
  30   1      
  31   1              /* first register all drivers */
  32   1              //register_driver(BUS_DRIVER_I2C, i2c_driver);
  33   1      
  34   1              /* secondly register all modules */
  35   1              //register_module(fahrprogramm_module);
  36   1      
  37   1              //init_all_modules();
  38   1      
  39   1              /* FIXME work loop */
  40   1      
  41   1              //release_all_modules();
  42   1      }


MODULE INFORMATION:   STATIC OVERLAYABLE
   CODE SIZE        =    252    ----
   CONSTANT SIZE    =   ----    ----
   XDATA SIZE       =     55       6
   PDATA SIZE       =   ----    ----
   DATA SIZE        =   ----    ----
   IDATA SIZE       =   ----    ----
   BIT SIZE         =   ----    ----
END OF MODULE INFORMATION.


C51 COMPILATION COMPLETE.  0 WARNING(S),  0 ERROR(S)
